# JRE version: OpenJDK Runtime Environment (8.0_152-b02) (build 1.8.0_152-release-1024-b02)
# Java VM: OpenJDK 64-Bit Server VM (25.152-b02 mixed mode windows-amd64 compressed oops)
Heap:
 PSYoungGen      total 106496K, used 40737K [0x00000000e0000000, 0x00000000e7500000, 0x0000000100000000)
  eden space 98304K, 33% used [0x00000000e0000000,0x00000000e1fcdca0,0x00000000e6000000)
  from space 8192K, 99% used [0x00000000e6d00000,0x00000000e74faa20,0x00000000e7500000)
  to   space 8192K, 0% used [0x00000000e6000000,0x00000000e6000000,0x00000000e6800000)
 ParOldGen       total 147456K, used 30972K [0x00000000a0000000, 0x00000000a9000000, 0x00000000e0000000)
  object space 147456K, 21% used [0x00000000a0000000,0x00000000a1e3f398,0x00000000a9000000)
 Metaspace       used 43374K, capacity 44072K, committed 44544K, reserved 1087488K
  class space    used 5382K, capacity 5552K, committed 5632K, reserved 1048576K
GC Heap History (10 events):
Event: 3.812 GC heap before
{Heap before GC invocations=5 (full 2):
 PSYoungGen      total 57344K, used 7892K [0x00000000e0000000, 0x00000000e7000000, 0x0000000100000000)
  eden space 49152K, 0% used [0x00000000e0000000,0x00000000e0000000,0x00000000e3000000)
  from space 8192K, 96% used [0x00000000e3000000,0x00000000e37b5018,0x00000000e3800000)
  to   space 8192K, 0% used [0x00000000e6800000,0x00000000e6800000,0x00000000e7000000)
 ParOldGen       total 131072K, used 5633K [0x00000000a0000000, 0x00000000a8000000, 0x00000000e0000000)
  object space 131072K, 4% used [0x00000000a0000000,0x00000000a0580530,0x00000000a8000000)
 Metaspace       used 20734K, capacity 20982K, committed 21296K, reserved 1069056K
  class space    used 2492K, capacity 2594K, committed 2688K, reserved 1048576K
Event: 3.841 GC heap after
Heap after GC invocations=5 (full 2):
 PSYoungGen      total 57344K, used 0K [0x00000000e0000000, 0x00000000e7000000, 0x0000000100000000)
  eden space 49152K, 0% used [0x00000000e0000000,0x00000000e0000000,0x00000000e3000000)
  from space 8192K, 0% used [0x00000000e3000000,0x00000000e3000000,0x00000000e3800000)
  to   space 8192K, 0% used [0x00000000e6800000,0x00000000e6800000,0x00000000e7000000)
 ParOldGen       total 86016K, used 9158K [0x00000000a0000000, 0x00000000a5400000, 0x00000000e0000000)
  object space 86016K, 10% used [0x00000000a0000000,0x00000000a08f1a30,0x00000000a5400000)
 Metaspace       used 20734K, capacity 20982K, committed 21296K, reserved 1069056K
  class space    used 2492K, capacity 2594K, committed 2688K, reserved 1048576K
}
Event: 7.837 GC heap before
{Heap before GC invocations=6 (full 2):
 PSYoungGen      total 57344K, used 49152K [0x00000000e0000000, 0x00000000e7000000, 0x0000000100000000)
  eden space 49152K, 100% used [0x00000000e0000000,0x00000000e3000000,0x00000000e3000000)
  from space 8192K, 0% used [0x00000000e3000000,0x00000000e3000000,0x00000000e3800000)
  to   space 8192K, 0% used [0x00000000e6800000,0x00000000e6800000,0x00000000e7000000)
 ParOldGen       total 86016K, used 9158K [0x00000000a0000000, 0x00000000a5400000, 0x00000000e0000000)
  object space 86016K, 10% used [0x00000000a0000000,0x00000000a08f1a30,0x00000000a5400000)
 Metaspace       used 28647K, capacity 29147K, committed 29568K, reserved 1075200K
  class space    used 3702K, capacity 3847K, committed 3968K, reserved 1048576K
Event: 7.850 GC heap after
Heap after GC invocations=6 (full 2):
 PSYoungGen      total 79360K, used 8183K [0x00000000e0000000, 0x00000000e7000000, 0x0000000100000000)
  eden space 71168K, 0% used [0x00000000e0000000,0x00000000e0000000,0x00000000e4580000)
  from space 8192K, 99% used [0x00000000e6800000,0x00000000e6ffdd08,0x00000000e7000000)
  to   space 8192K, 0% used [0x00000000e6000000,0x00000000e6000000,0x00000000e6800000)
 ParOldGen       total 86016K, used 12910K [0x00000000a0000000, 0x00000000a5400000, 0x00000000e0000000)
  object space 86016K, 15% used [0x00000000a0000000,0x00000000a0c9bb18,0x00000000a5400000)
 Metaspace       used 28647K, capacity 29147K, committed 29568K, reserved 1075200K
  class space    used 3702K, capacity 3847K, committed 3968K, reserved 1048576K
}
Event: 8.976 GC heap before
{Heap before GC invocations=7 (full 2):
 PSYoungGen      total 79360K, used 45798K [0x00000000e0000000, 0x00000000e7000000, 0x0000000100000000)
  eden space 71168K, 52% used [0x00000000e0000000,0x00000000e24bbdd8,0x00000000e4580000)
  from space 8192K, 99% used [0x00000000e6800000,0x00000000e6ffdd08,0x00000000e7000000)
  to   space 8192K, 0% used [0x00000000e6000000,0x00000000e6000000,0x00000000e6800000)
 ParOldGen       total 86016K, used 12910K [0x00000000a0000000, 0x00000000a5400000, 0x00000000e0000000)
  object space 86016K, 15% used [0x00000000a0000000,0x00000000a0c9bb18,0x00000000a5400000)
 Metaspace       used 34680K, capacity 35131K, committed 35456K, reserved 1081344K
  class space    used 4339K, capacity 4467K, committed 4480K, reserved 1048576K
Event: 8.987 GC heap after
Heap after GC invocations=7 (full 2):
 PSYoungGen      total 106496K, used 8180K [0x00000000e0000000, 0x00000000e7500000, 0x0000000100000000)
  eden space 98304K, 0% used [0x00000000e0000000,0x00000000e0000000,0x00000000e6000000)
  from space 8192K, 99% used [0x00000000e6000000,0x00000000e67fd290,0x00000000e6800000)
  to   space 8192K, 0% used [0x00000000e6d00000,0x00000000e6d00000,0x00000000e7500000)
 ParOldGen       total 86016K, used 19684K [0x00000000a0000000, 0x00000000a5400000, 0x00000000e0000000)
  object space 86016K, 22% used [0x00000000a0000000,0x00000000a1339160,0x00000000a5400000)
 Metaspace       used 34680K, capacity 35131K, committed 35456K, reserved 1081344K
  class space    used 4339K, capacity 4467K, committed 4480K, reserved 1048576K
}
Event: 8.988 GC heap before
{Heap before GC invocations=8 (full 3):
 PSYoungGen      total 106496K, used 8180K [0x00000000e0000000, 0x00000000e7500000, 0x0000000100000000)
  eden space 98304K, 0% used [0x00000000e0000000,0x00000000e0000000,0x00000000e6000000)
  from space 8192K, 99% used [0x00000000e6000000,0x00000000e67fd290,0x00000000e6800000)
  to   space 8192K, 0% used [0x00000000e6d00000,0x00000000e6d00000,0x00000000e7500000)
 ParOldGen       total 86016K, used 19684K [0x00000000a0000000, 0x00000000a5400000, 0x00000000e0000000)
  object space 86016K, 22% used [0x00000000a0000000,0x00000000a1339160,0x00000000a5400000)
 Metaspace       used 34680K, capacity 35131K, committed 35456K, reserved 1081344K
  class space    used 4339K, capacity 4467K, committed 4480K, reserved 1048576K
Event: 9.092 GC heap after
Heap after GC invocations=8 (full 3):
 PSYoungGen      total 106496K, used 0K [0x00000000e0000000, 0x00000000e7500000, 0x0000000100000000)
  eden space 98304K, 0% used [0x00000000e0000000,0x00000000e0000000,0x00000000e6000000)
  from space 8192K, 0% used [0x00000000e6000000,0x00000000e6000000,0x00000000e6800000)
  to   space 8192K, 0% used [0x00000000e6d00000,0x00000000e6d00000,0x00000000e7500000)
 ParOldGen       total 147456K, used 20434K [0x00000000a0000000, 0x00000000a9000000, 0x00000000e0000000)
  object space 147456K, 13% used [0x00000000a0000000,0x00000000a13f4970,0x00000000a9000000)
 Metaspace       used 34680K, capacity 35131K, committed 35456K, reserved 1081344K
  class space    used 4339K, capacity 4467K, committed 4480K, reserved 1048576K
}
Event: 11.325 GC heap before
{Heap before GC invocations=9 (full 3):
 PSYoungGen      total 106496K, used 98304K [0x00000000e0000000, 0x00000000e7500000, 0x0000000100000000)
  eden space 98304K, 100% used [0x00000000e0000000,0x00000000e6000000,0x00000000e6000000)
  from space 8192K, 0% used [0x00000000e6000000,0x00000000e6000000,0x00000000e6800000)
  to   space 8192K, 0% used [0x00000000e6d00000,0x00000000e6d00000,0x00000000e7500000)
 ParOldGen       total 147456K, used 20434K [0x00000000a0000000, 0x00000000a9000000, 0x00000000e0000000)
  object space 147456K, 13% used [0x00000000a0000000,0x00000000a13f4970,0x00000000a9000000)
 Metaspace       used 40647K, capacity 41258K, committed 41728K, reserved 1085440K
  class space    used 4969K, capacity 5115K, committed 5120K, reserved 1048576K
Event: 11.344 GC heap after
Heap after GC invocations=9 (full 3):
 PSYoungGen      total 106496K, used 8170K [0x00000000e0000000, 0x00000000e7500000, 0x0000000100000000)
  eden space 98304K, 0% used [0x00000000e0000000,0x00000000e0000000,0x00000000e6000000)
  from space 8192K, 99% used [0x00000000e6d00000,0x00000000e74faa20,0x00000000e7500000)
  to   space 8192K, 0% used [0x00000000e6000000,0x00000000e6000000,0x00000000e6800000)
 ParOldGen       total 147456K, used 30972K [0x00000000a0000000, 0x00000000a9000000, 0x00000000e0000000)
  object space 147456K, 21% used [0x00000000a0000000,0x00000000a1e3f398,0x00000000a9000000)
 Metaspace       used 40647K, capacity 41258K, committed 41728K, reserved 1085440K
  class space    used 4969K, capacity 5115K, committed 5120K, reserved 1048576K
}

