# JRE version: OpenJDK Runtime Environment (8.0_152-b02) (build 1.8.0_152-release-1024-b02)
# Java VM: OpenJDK 64-Bit Server VM (25.152-b02 mixed mode windows-amd64 compressed oops)
Heap:
 PSYoungGen      total 139264K, used 56296K [0x00000000e0000000, 0x00000000ed280000, 0x0000000100000000)
  eden space 117248K, 29% used [0x00000000e0000000,0x00000000e217a990,0x00000000e7280000)
  from space 22016K, 99% used [0x00000000e7280000,0x00000000e87ff9b0,0x00000000e8800000)
  to   space 28672K, 0% used [0x00000000eb680000,0x00000000eb680000,0x00000000ed280000)
 ParOldGen       total 138752K, used 37074K [0x00000000a0000000, 0x00000000a8780000, 0x00000000e0000000)
  object space 138752K, 26% used [0x00000000a0000000,0x00000000a2434a80,0x00000000a8780000)
 Metaspace       used 49482K, capacity 50382K, committed 50688K, reserved 1093632K
  class space    used 6038K, capacity 6273K, committed 6400K, reserved 1048576K
GC Heap History (10 events):
Event: 6.504 GC heap before
{Heap before GC invocations=6 (full 2):
 PSYoungGen      total 57344K, used 49152K [0x00000000e0000000, 0x00000000e7000000, 0x0000000100000000)
  eden space 49152K, 100% used [0x00000000e0000000,0x00000000e3000000,0x00000000e3000000)
  from space 8192K, 0% used [0x00000000e3000000,0x00000000e3000000,0x00000000e3800000)
  to   space 8192K, 0% used [0x00000000e6800000,0x00000000e6800000,0x00000000e7000000)
 ParOldGen       total 78848K, used 9197K [0x00000000a0000000, 0x00000000a4d00000, 0x00000000e0000000)
  object space 78848K, 11% used [0x00000000a0000000,0x00000000a08fb5d0,0x00000000a4d00000)
 Metaspace       used 27661K, capacity 28156K, committed 28544K, reserved 1075200K
  class space    used 3495K, capacity 3647K, committed 3712K, reserved 1048576K
Event: 6.517 GC heap after
Heap after GC invocations=6 (full 2):
 PSYoungGen      total 88576K, used 8171K [0x00000000e0000000, 0x00000000e7000000, 0x0000000100000000)
  eden space 80384K, 0% used [0x00000000e0000000,0x00000000e0000000,0x00000000e4e80000)
  from space 8192K, 99% used [0x00000000e6800000,0x00000000e6ffad10,0x00000000e7000000)
  to   space 8192K, 0% used [0x00000000e6000000,0x00000000e6000000,0x00000000e6800000)
 ParOldGen       total 78848K, used 12444K [0x00000000a0000000, 0x00000000a4d00000, 0x00000000e0000000)
  object space 78848K, 15% used [0x00000000a0000000,0x00000000a0c27188,0x00000000a4d00000)
 Metaspace       used 27661K, capacity 28156K, committed 28544K, reserved 1075200K
  class space    used 3495K, capacity 3647K, committed 3712K, reserved 1048576K
}
Event: 7.530 GC heap before
{Heap before GC invocations=7 (full 2):
 PSYoungGen      total 88576K, used 49412K [0x00000000e0000000, 0x00000000e7000000, 0x0000000100000000)
  eden space 80384K, 51% used [0x00000000e0000000,0x00000000e2846588,0x00000000e4e80000)
  from space 8192K, 99% used [0x00000000e6800000,0x00000000e6ffad10,0x00000000e7000000)
  to   space 8192K, 0% used [0x00000000e6000000,0x00000000e6000000,0x00000000e6800000)
 ParOldGen       total 78848K, used 12444K [0x00000000a0000000, 0x00000000a4d00000, 0x00000000e0000000)
  object space 78848K, 15% used [0x00000000a0000000,0x00000000a0c27188,0x00000000a4d00000)
 Metaspace       used 34614K, capacity 35135K, committed 35456K, reserved 1081344K
  class space    used 4329K, capacity 4477K, committed 4480K, reserved 1048576K
Event: 7.542 GC heap after
Heap after GC invocations=7 (full 2):
 PSYoungGen      total 106496K, used 8178K [0x00000000e0000000, 0x00000000e9000000, 0x0000000100000000)
  eden space 98304K, 0% used [0x00000000e0000000,0x00000000e0000000,0x00000000e6000000)
  from space 8192K, 99% used [0x00000000e6000000,0x00000000e67fcba8,0x00000000e6800000)
  to   space 8192K, 0% used [0x00000000e8800000,0x00000000e8800000,0x00000000e9000000)
 ParOldGen       total 78848K, used 19850K [0x00000000a0000000, 0x00000000a4d00000, 0x00000000e0000000)
  object space 78848K, 25% used [0x00000000a0000000,0x00000000a1362ba8,0x00000000a4d00000)
 Metaspace       used 34614K, capacity 35135K, committed 35456K, reserved 1081344K
  class space    used 4329K, capacity 4477K, committed 4480K, reserved 1048576K
}
Event: 7.542 GC heap before
{Heap before GC invocations=8 (full 3):
 PSYoungGen      total 106496K, used 8178K [0x00000000e0000000, 0x00000000e9000000, 0x0000000100000000)
  eden space 98304K, 0% used [0x00000000e0000000,0x00000000e0000000,0x00000000e6000000)
  from space 8192K, 99% used [0x00000000e6000000,0x00000000e67fcba8,0x00000000e6800000)
  to   space 8192K, 0% used [0x00000000e8800000,0x00000000e8800000,0x00000000e9000000)
 ParOldGen       total 78848K, used 19850K [0x00000000a0000000, 0x00000000a4d00000, 0x00000000e0000000)
  object space 78848K, 25% used [0x00000000a0000000,0x00000000a1362ba8,0x00000000a4d00000)
 Metaspace       used 34614K, capacity 35135K, committed 35456K, reserved 1081344K
  class space    used 4329K, capacity 4477K, committed 4480K, reserved 1048576K
Event: 7.639 GC heap after
Heap after GC invocations=8 (full 3):
 PSYoungGen      total 106496K, used 0K [0x00000000e0000000, 0x00000000e9000000, 0x0000000100000000)
  eden space 98304K, 0% used [0x00000000e0000000,0x00000000e0000000,0x00000000e6000000)
  from space 8192K, 0% used [0x00000000e6000000,0x00000000e6000000,0x00000000e6800000)
  to   space 8192K, 0% used [0x00000000e8800000,0x00000000e8800000,0x00000000e9000000)
 ParOldGen       total 138752K, used 21132K [0x00000000a0000000, 0x00000000a8780000, 0x00000000e0000000)
  object space 138752K, 15% used [0x00000000a0000000,0x00000000a14a3178,0x00000000a8780000)
 Metaspace       used 34614K, capacity 35135K, committed 35456K, reserved 1081344K
  class space    used 4329K, capacity 4477K, committed 4480K, reserved 1048576K
}
Event: 9.316 GC heap before
{Heap before GC invocations=9 (full 3):
 PSYoungGen      total 106496K, used 98304K [0x00000000e0000000, 0x00000000e9000000, 0x0000000100000000)
  eden space 98304K, 100% used [0x00000000e0000000,0x00000000e6000000,0x00000000e6000000)
  from space 8192K, 0% used [0x00000000e6000000,0x00000000e6000000,0x00000000e6800000)
  to   space 8192K, 0% used [0x00000000e8800000,0x00000000e8800000,0x00000000e9000000)
 ParOldGen       total 138752K, used 21132K [0x00000000a0000000, 0x00000000a8780000, 0x00000000e0000000)
  object space 138752K, 15% used [0x00000000a0000000,0x00000000a14a3178,0x00000000a8780000)
 Metaspace       used 41136K, capacity 41788K, committed 42112K, reserved 1085440K
  class space    used 5033K, capacity 5192K, committed 5248K, reserved 1048576K
Event: 9.334 GC heap after
Heap after GC invocations=9 (full 3):
 PSYoungGen      total 125440K, used 8162K [0x00000000e0000000, 0x00000000eaa80000, 0x0000000100000000)
  eden space 117248K, 0% used [0x00000000e0000000,0x00000000e0000000,0x00000000e7280000)
  from space 8192K, 99% used [0x00000000e8800000,0x00000000e8ff8a10,0x00000000e9000000)
  to   space 22016K, 0% used [0x00000000e7280000,0x00000000e7280000,0x00000000e8800000)
 ParOldGen       total 138752K, used 31328K [0x00000000a0000000, 0x00000000a8780000, 0x00000000e0000000)
  object space 138752K, 22% used [0x00000000a0000000,0x00000000a1e98128,0x00000000a8780000)
 Metaspace       used 41136K, capacity 41788K, committed 42112K, reserved 1085440K
  class space    used 5033K, capacity 5192K, committed 5248K, reserved 1048576K
}
Event: 11.728 GC heap before
{Heap before GC invocations=10 (full 3):
 PSYoungGen      total 125440K, used 125410K [0x00000000e0000000, 0x00000000eaa80000, 0x0000000100000000)
  eden space 117248K, 100% used [0x00000000e0000000,0x00000000e7280000,0x00000000e7280000)
  from space 8192K, 99% used [0x00000000e8800000,0x00000000e8ff8a10,0x00000000e9000000)
  to   space 22016K, 0% used [0x00000000e7280000,0x00000000e7280000,0x00000000e8800000)
 ParOldGen       total 138752K, used 31328K [0x00000000a0000000, 0x00000000a8780000, 0x00000000e0000000)
  object space 138752K, 22% used [0x00000000a0000000,0x00000000a1e98128,0x00000000a8780000)
 Metaspace       used 47788K, capacity 48594K, committed 48896K, reserved 1091584K
  class space    used 5842K, capacity 6067K, committed 6144K, reserved 1048576K
Event: 11.770 GC heap after
Heap after GC invocations=10 (full 3):
 PSYoungGen      total 139264K, used 22014K [0x00000000e0000000, 0x00000000ed280000, 0x0000000100000000)
  eden space 117248K, 0% used [0x00000000e0000000,0x00000000e0000000,0x00000000e7280000)
  from space 22016K, 99% used [0x00000000e7280000,0x00000000e87ff9b0,0x00000000e8800000)
  to   space 28672K, 0% used [0x00000000eb680000,0x00000000eb680000,0x00000000ed280000)
 ParOldGen       total 138752K, used 37074K [0x00000000a0000000, 0x00000000a8780000, 0x00000000e0000000)
  object space 138752K, 26% used [0x00000000a0000000,0x00000000a2434a80,0x00000000a8780000)
 Metaspace       used 47788K, capacity 48594K, committed 48896K, reserved 1091584K
  class space    used 5842K, capacity 6067K, committed 6144K, reserved 1048576K
}

