# JRE version: OpenJDK Runtime Environment (8.0_152-b02) (build 1.8.0_152-release-1024-b02)
# Java VM: OpenJDK 64-Bit Server VM (25.152-b02 mixed mode windows-amd64 compressed oops)
Heap:
 PSYoungGen      total 53760K, used 9312K [0x00000000e0000000, 0x00000000e4100000, 0x0000000100000000)
  eden space 43008K, 7% used [0x00000000e0000000,0x00000000e033b5f8,0x00000000e2a00000)
  from space 10752K, 55% used [0x00000000e3680000,0x00000000e3c5ccb8,0x00000000e4100000)
  to   space 11776K, 0% used [0x00000000e2a00000,0x00000000e2a00000,0x00000000e3580000)
 ParOldGen       total 67072K, used 16207K [0x00000000a0000000, 0x00000000a4180000, 0x00000000e0000000)
  object space 67072K, 24% used [0x00000000a0000000,0x00000000a0fd3e18,0x00000000a4180000)
 Metaspace       used 41240K, capacity 41990K, committed 42328K, reserved 1085440K
  class space    used 5491K, capacity 5736K, committed 5760K, reserved 1048576K
GC Heap History (10 events):
Event: 20.008 GC heap before
{Heap before GC invocations=8 (full 1):
 PSYoungGen      total 56832K, used 54533K [0x00000000e0000000, 0x00000000e4400000, 0x0000000100000000)
  eden space 47104K, 100% used [0x00000000e0000000,0x00000000e2e00000,0x00000000e2e00000)
  from space 9728K, 76% used [0x00000000e3a80000,0x00000000e41c17b0,0x00000000e4400000)
  to   space 11264K, 0% used [0x00000000e2e00000,0x00000000e2e00000,0x00000000e3900000)
 ParOldGen       total 63488K, used 11028K [0x00000000a0000000, 0x00000000a3e00000, 0x00000000e0000000)
  object space 63488K, 17% used [0x00000000a0000000,0x00000000a0ac5040,0x00000000a3e00000)
 Metaspace       used 31882K, capacity 32504K, committed 32768K, reserved 1077248K
  class space    used 4331K, capacity 4516K, committed 4608K, reserved 1048576K
Event: 20.016 GC heap after
Heap after GC invocations=8 (full 1):
 PSYoungGen      total 53248K, used 7120K [0x00000000e0000000, 0x00000000e4200000, 0x0000000100000000)
  eden space 46080K, 0% used [0x00000000e0000000,0x00000000e0000000,0x00000000e2d00000)
  from space 7168K, 99% used [0x00000000e2e00000,0x00000000e34f4030,0x00000000e3500000)
  to   space 10752K, 0% used [0x00000000e3780000,0x00000000e3780000,0x00000000e4200000)
 ParOldGen       total 63488K, used 11036K [0x00000000a0000000, 0x00000000a3e00000, 0x00000000e0000000)
  object space 63488K, 17% used [0x00000000a0000000,0x00000000a0ac7040,0x00000000a3e00000)
 Metaspace       used 31882K, capacity 32504K, committed 32768K, reserved 1077248K
  class space    used 4331K, capacity 4516K, committed 4608K, reserved 1048576K
}
Event: 28.885 GC heap before
{Heap before GC invocations=9 (full 1):
 PSYoungGen      total 53248K, used 29390K [0x00000000e0000000, 0x00000000e4200000, 0x0000000100000000)
  eden space 46080K, 48% used [0x00000000e0000000,0x00000000e15bfaa8,0x00000000e2d00000)
  from space 7168K, 99% used [0x00000000e2e00000,0x00000000e34f4030,0x00000000e3500000)
  to   space 10752K, 0% used [0x00000000e3780000,0x00000000e3780000,0x00000000e4200000)
 ParOldGen       total 63488K, used 11036K [0x00000000a0000000, 0x00000000a3e00000, 0x00000000e0000000)
  object space 63488K, 17% used [0x00000000a0000000,0x00000000a0ac7040,0x00000000a3e00000)
 Metaspace       used 34642K, capacity 35294K, committed 35416K, reserved 1079296K
  class space    used 4700K, capacity 4941K, committed 4992K, reserved 1048576K
Event: 28.893 GC heap after
Heap after GC invocations=9 (full 1):
 PSYoungGen      total 55808K, used 9723K [0x00000000e0000000, 0x00000000e4200000, 0x0000000100000000)
  eden space 45056K, 0% used [0x00000000e0000000,0x00000000e0000000,0x00000000e2c00000)
  from space 10752K, 90% used [0x00000000e3780000,0x00000000e40fece0,0x00000000e4200000)
  to   space 11264K, 0% used [0x00000000e2c00000,0x00000000e2c00000,0x00000000e3700000)
 ParOldGen       total 63488K, used 11044K [0x00000000a0000000, 0x00000000a3e00000, 0x00000000e0000000)
  object space 63488K, 17% used [0x00000000a0000000,0x00000000a0ac9040,0x00000000a3e00000)
 Metaspace       used 34642K, capacity 35294K, committed 35416K, reserved 1079296K
  class space    used 4700K, capacity 4941K, committed 4992K, reserved 1048576K
}
Event: 28.893 GC heap before
{Heap before GC invocations=10 (full 2):
 PSYoungGen      total 55808K, used 9723K [0x00000000e0000000, 0x00000000e4200000, 0x0000000100000000)
  eden space 45056K, 0% used [0x00000000e0000000,0x00000000e0000000,0x00000000e2c00000)
  from space 10752K, 90% used [0x00000000e3780000,0x00000000e40fece0,0x00000000e4200000)
  to   space 11264K, 0% used [0x00000000e2c00000,0x00000000e2c00000,0x00000000e3700000)
 ParOldGen       total 63488K, used 11044K [0x00000000a0000000, 0x00000000a3e00000, 0x00000000e0000000)
  object space 63488K, 17% used [0x00000000a0000000,0x00000000a0ac9040,0x00000000a3e00000)
 Metaspace       used 34642K, capacity 35294K, committed 35416K, reserved 1079296K
  class space    used 4700K, capacity 4941K, committed 4992K, reserved 1048576K
Event: 28.981 GC heap after
Heap after GC invocations=10 (full 2):
 PSYoungGen      total 55808K, used 0K [0x00000000e0000000, 0x00000000e4200000, 0x0000000100000000)
  eden space 45056K, 0% used [0x00000000e0000000,0x00000000e0000000,0x00000000e2c00000)
  from space 10752K, 0% used [0x00000000e3780000,0x00000000e3780000,0x00000000e4200000)
  to   space 11264K, 0% used [0x00000000e2c00000,0x00000000e2c00000,0x00000000e3700000)
 ParOldGen       total 67072K, used 16199K [0x00000000a0000000, 0x00000000a4180000, 0x00000000e0000000)
  object space 67072K, 24% used [0x00000000a0000000,0x00000000a0fd1e18,0x00000000a4180000)
 Metaspace       used 34642K, capacity 35294K, committed 35416K, reserved 1079296K
  class space    used 4700K, capacity 4941K, committed 4992K, reserved 1048576K
}
Event: 31.840 GC heap before
{Heap before GC invocations=11 (full 2):
 PSYoungGen      total 55808K, used 45056K [0x00000000e0000000, 0x00000000e4200000, 0x0000000100000000)
  eden space 45056K, 100% used [0x00000000e0000000,0x00000000e2c00000,0x00000000e2c00000)
  from space 10752K, 0% used [0x00000000e3780000,0x00000000e3780000,0x00000000e4200000)
  to   space 11264K, 0% used [0x00000000e2c00000,0x00000000e2c00000,0x00000000e3700000)
 ParOldGen       total 67072K, used 16199K [0x00000000a0000000, 0x00000000a4180000, 0x00000000e0000000)
  object space 67072K, 24% used [0x00000000a0000000,0x00000000a0fd1e18,0x00000000a4180000)
 Metaspace       used 38909K, capacity 39594K, committed 40024K, reserved 1083392K
  class space    used 5204K, capacity 5436K, committed 5504K, reserved 1048576K
Event: 31.846 GC heap after
Heap after GC invocations=11 (full 2):
 PSYoungGen      total 49152K, used 4736K [0x00000000e0000000, 0x00000000e4200000, 0x0000000100000000)
  eden space 44032K, 0% used [0x00000000e0000000,0x00000000e0000000,0x00000000e2b00000)
  from space 5120K, 92% used [0x00000000e2c00000,0x00000000e30a03c8,0x00000000e3100000)
  to   space 11776K, 0% used [0x00000000e3680000,0x00000000e3680000,0x00000000e4200000)
 ParOldGen       total 67072K, used 16199K [0x00000000a0000000, 0x00000000a4180000, 0x00000000e0000000)
  object space 67072K, 24% used [0x00000000a0000000,0x00000000a0fd1e18,0x00000000a4180000)
 Metaspace       used 38909K, capacity 39594K, committed 40024K, reserved 1083392K
  class space    used 5204K, capacity 5436K, committed 5504K, reserved 1048576K
}
Event: 32.953 GC heap before
{Heap before GC invocations=12 (full 2):
 PSYoungGen      total 49152K, used 48768K [0x00000000e0000000, 0x00000000e4200000, 0x0000000100000000)
  eden space 44032K, 100% used [0x00000000e0000000,0x00000000e2b00000,0x00000000e2b00000)
  from space 5120K, 92% used [0x00000000e2c00000,0x00000000e30a03c8,0x00000000e3100000)
  to   space 11776K, 0% used [0x00000000e3680000,0x00000000e3680000,0x00000000e4200000)
 ParOldGen       total 67072K, used 16199K [0x00000000a0000000, 0x00000000a4180000, 0x00000000e0000000)
  object space 67072K, 24% used [0x00000000a0000000,0x00000000a0fd1e18,0x00000000a4180000)
 Metaspace       used 41023K, capacity 41764K, committed 42072K, reserved 1085440K
  class space    used 5468K, capacity 5729K, committed 5760K, reserved 1048576K
Event: 32.961 GC heap after
Heap after GC invocations=12 (full 2):
 PSYoungGen      total 53760K, used 6003K [0x00000000e0000000, 0x00000000e4100000, 0x0000000100000000)
  eden space 43008K, 0% used [0x00000000e0000000,0x00000000e0000000,0x00000000e2a00000)
  from space 10752K, 55% used [0x00000000e3680000,0x00000000e3c5ccb8,0x00000000e4100000)
  to   space 11776K, 0% used [0x00000000e2a00000,0x00000000e2a00000,0x00000000e3580000)
 ParOldGen       total 67072K, used 16207K [0x00000000a0000000, 0x00000000a4180000, 0x00000000e0000000)
  object space 67072K, 24% used [0x00000000a0000000,0x00000000a0fd3e18,0x00000000a4180000)
 Metaspace       used 41023K, capacity 41764K, committed 42072K, reserved 1085440K
  class space    used 5468K, capacity 5729K, committed 5760K, reserved 1048576K
}

